<?xml version="1.0" encoding="UTF-8"?>
<!-- Generated by org.testng.reporters.JUnitXMLReporter -->
<testsuite hostname="IN-L1791" ignored="0" name="Default test" tests="3" failures="0" timestamp="28 Sep 2018 10:19:44 GMT" time="6.876" errors="0">
  <testcase name="loginAPI_ResponseChecking" time="4.412" classname="com.pm.api.login"/>
  <testcase name="loginAPI_ErrorInDatas_ResponseCode400" time="0.97" classname="com.pm.api.login"/>
  <testcase name="loginAPI_ResponseVerification_token_id_email" time="1.468" classname="com.pm.api.login"/>
</testsuite> <!-- Default test -->
