<?xml version="1.0" encoding="UTF-8"?>
<testng-results skipped="0" failed="0" ignored="0" total="1" passed="1">
  <reporter-output>
  </reporter-output>
  <suite name="Default suite" duration-ms="3887" started-at="2018-08-06T12:44:44Z" finished-at="2018-08-06T12:44:47Z">
    <groups>
    </groups>
    <test name="Default test" duration-ms="3887" started-at="2018-08-06T12:44:44Z" finished-at="2018-08-06T12:44:47Z">
      <class name="com.pm.api.logout">
        <test-method status="PASS" signature="TriggerDependencies()[pri:0, instance:com.pm.api.logout@3fd7a715]" name="TriggerDependencies" is-config="true" duration-ms="76" started-at="2018-08-06T18:14:44Z" finished-at="2018-08-06T18:14:44Z">
          <reporter-output>
          </reporter-output>
        </test-method> <!-- TriggerDependencies -->
        <test-method status="PASS" signature="urlSetUp()[pri:0, instance:com.pm.api.logout@3fd7a715]" name="urlSetUp" is-config="true" duration-ms="3" started-at="2018-08-06T18:14:44Z" finished-at="2018-08-06T18:14:44Z">
          <reporter-output>
          </reporter-output>
        </test-method> <!-- urlSetUp -->
        <test-method status="PASS" signature="logoutAPI_ResponseChecking()[pri:1, instance:com.pm.api.logout@3fd7a715]" name="logoutAPI_ResponseChecking" duration-ms="3869" started-at="2018-08-06T18:14:44Z" finished-at="2018-08-06T18:14:47Z">
          <reporter-output>
          </reporter-output>
        </test-method> <!-- logoutAPI_ResponseChecking -->
        <test-method status="FAIL" signature="ShuttingDownAllDependencies()[pri:0, instance:com.pm.api.logout@3fd7a715]" name="ShuttingDownAllDependencies" is-config="true" duration-ms="0" started-at="2018-08-06T18:14:48Z" finished-at="2018-08-06T18:14:48Z">
          <exception class="java.lang.NullPointerException">
            <full-stacktrace>
              <![CDATA[java.lang.NullPointerException
	at com.pm.utilities.AndroidUtilities.shutDownApp(AndroidUtilities.java:77)
	at com.pm.utilities.TestBase.ShuttingDownAllDependencies(TestBase.java:71)
	at sun.reflect.NativeMethodAccessorImpl.invoke0(Native Method)
	at sun.reflect.NativeMethodAccessorImpl.invoke(NativeMethodAccessorImpl.java:62)
	at sun.reflect.DelegatingMethodAccessorImpl.invoke(DelegatingMethodAccessorImpl.java:43)
	at java.lang.reflect.Method.invoke(Method.java:498)
	at org.testng.internal.MethodInvocationHelper.invokeMethod(MethodInvocationHelper.java:104)
	at org.testng.internal.Invoker.invokeConfigurationMethod(Invoker.java:515)
	at org.testng.internal.Invoker.invokeConfigurations(Invoker.java:217)
	at org.testng.internal.Invoker.invokeConfigurations(Invoker.java:144)
	at org.testng.SuiteRunner.privateRun(SuiteRunner.java:357)
	at org.testng.SuiteRunner.run(SuiteRunner.java:289)
	at org.testng.SuiteRunnerWorker.runSuite(SuiteRunnerWorker.java:52)
	at org.testng.SuiteRunnerWorker.run(SuiteRunnerWorker.java:86)
	at org.testng.TestNG.runSuitesSequentially(TestNG.java:1293)
	at org.testng.TestNG.runSuitesLocally(TestNG.java:1218)
	at org.testng.TestNG.runSuites(TestNG.java:1133)
	at org.testng.TestNG.run(TestNG.java:1104)
	at org.testng.remote.AbstractRemoteTestNG.run(AbstractRemoteTestNG.java:114)
	at org.testng.remote.RemoteTestNG.initAndRun(RemoteTestNG.java:251)
	at org.testng.remote.RemoteTestNG.main(RemoteTestNG.java:77)
]]>
            </full-stacktrace>
          </exception> <!-- java.lang.NullPointerException -->
          <reporter-output>
          </reporter-output>
        </test-method> <!-- ShuttingDownAllDependencies -->
      </class> <!-- com.pm.api.logout -->
    </test> <!-- Default test -->
  </suite> <!-- Default suite -->
</testng-results>
