<?xml version="1.0" encoding="UTF-8"?>
<testng-results skipped="0" failed="3" ignored="0" total="33" passed="30">
  <reporter-output>
  </reporter-output>
  <suite name="postmiiAPIComplete" duration-ms="12178" started-at="2018-09-28T11:10:19Z" finished-at="2018-09-28T11:10:31Z">
    <groups>
    </groups>
    <test name="login" duration-ms="7755" started-at="2018-09-28T11:10:19Z" finished-at="2018-09-28T11:10:26Z">
      <class name="com.pm.api.login">
        <test-method status="PASS" signature="urlSetUp()[pri:0, instance:com.pm.api.login@57175e74]" name="urlSetUp" is-config="true" duration-ms="1" started-at="2018-09-28T16:40:19Z" finished-at="2018-09-28T16:40:19Z">
          <reporter-output>
          </reporter-output>
        </test-method> <!-- urlSetUp -->
        <test-method status="PASS" signature="loginAPI_ResponseChecking()[pri:1, instance:com.pm.api.login@57175e74]" name="loginAPI_ResponseChecking" duration-ms="3056" started-at="2018-09-28T16:40:19Z" finished-at="2018-09-28T16:40:22Z">
          <reporter-output>
          </reporter-output>
        </test-method> <!-- loginAPI_ResponseChecking -->
        <test-method status="PASS" signature="loginAPI_ErrorInDatas_ResponseCode400()[pri:2, instance:com.pm.api.login@57175e74]" name="loginAPI_ErrorInDatas_ResponseCode400" duration-ms="856" started-at="2018-09-28T16:40:22Z" finished-at="2018-09-28T16:40:23Z">
          <reporter-output>
          </reporter-output>
        </test-method> <!-- loginAPI_ErrorInDatas_ResponseCode400 -->
        <test-method status="PASS" signature="loginAPI_ResponseVerification_token_id_email()[pri:3, instance:com.pm.api.login@57175e74]" name="loginAPI_ResponseVerification_token_id_email" duration-ms="3817" started-at="2018-09-28T16:40:23Z" finished-at="2018-09-28T16:40:26Z">
          <reporter-output>
          </reporter-output>
        </test-method> <!-- loginAPI_ResponseVerification_token_id_email -->
      </class> <!-- com.pm.api.login -->
    </test> <!-- login -->
    <test name="info" duration-ms="8947" started-at="2018-09-28T11:10:19Z" finished-at="2018-09-28T11:10:28Z">
      <class name="com.pm.api.info">
        <test-method status="PASS" signature="urlSetUp()[pri:0, instance:com.pm.api.info@564718df]" name="urlSetUp" is-config="true" duration-ms="0" started-at="2018-09-28T16:40:19Z" finished-at="2018-09-28T16:40:19Z">
          <reporter-output>
          </reporter-output>
        </test-method> <!-- urlSetUp -->
        <test-method status="PASS" signature="infosAPI_ResponseChecking()[pri:1, instance:com.pm.api.info@564718df]" name="infosAPI_ResponseChecking" duration-ms="7136" started-at="2018-09-28T16:40:19Z" finished-at="2018-09-28T16:40:26Z">
          <reporter-output>
          </reporter-output>
        </test-method> <!-- infosAPI_ResponseChecking -->
        <test-method status="PASS" signature="infosAPI_WrongToken_ResponseCode401()[pri:2, instance:com.pm.api.info@564718df]" name="infosAPI_WrongToken_ResponseCode401" duration-ms="844" started-at="2018-09-28T16:40:26Z" finished-at="2018-09-28T16:40:27Z">
          <reporter-output>
          </reporter-output>
        </test-method> <!-- infosAPI_WrongToken_ResponseCode401 -->
        <test-method status="FAIL" signature="infosAPI_WrongCountryCode_ResponseCode418()[pri:3, instance:com.pm.api.info@564718df]" name="infosAPI_WrongCountryCode_ResponseCode418" duration-ms="825" started-at="2018-09-28T16:40:27Z" finished-at="2018-09-28T16:40:28Z">
          <exception class="java.lang.Exception">
            <message>
              <![CDATA[Expected status code 418 but found 401]]>
            </message>
            <full-stacktrace>
              <![CDATA[java.lang.Exception: Expected status code 418 but found 401
	at com.pm.api.info.infosAPI_WrongCountryCode_ResponseCode418(info.java:53)
	at sun.reflect.NativeMethodAccessorImpl.invoke0(Native Method)
	at sun.reflect.NativeMethodAccessorImpl.invoke(NativeMethodAccessorImpl.java:62)
	at sun.reflect.DelegatingMethodAccessorImpl.invoke(DelegatingMethodAccessorImpl.java:43)
	at java.lang.reflect.Method.invoke(Method.java:498)
	at org.testng.internal.MethodInvocationHelper.invokeMethod(MethodInvocationHelper.java:104)
	at org.testng.internal.Invoker.invokeMethod(Invoker.java:645)
	at org.testng.internal.Invoker.invokeTestMethod(Invoker.java:851)
	at org.testng.internal.Invoker.invokeTestMethods(Invoker.java:1177)
	at org.testng.internal.TestMethodWorker.invokeTestMethods(TestMethodWorker.java:129)
	at org.testng.internal.TestMethodWorker.run(TestMethodWorker.java:112)
	at org.testng.TestRunner.privateRun(TestRunner.java:756)
	at org.testng.TestRunner.run(TestRunner.java:610)
	at org.testng.SuiteRunner.runTest(SuiteRunner.java:387)
	at org.testng.SuiteRunner.access$000(SuiteRunner.java:39)
	at org.testng.SuiteRunner$SuiteWorker.run(SuiteRunner.java:421)
	at org.testng.internal.thread.ThreadUtil$2.call(ThreadUtil.java:64)
	at java.util.concurrent.FutureTask.run(FutureTask.java:266)
	at java.util.concurrent.ThreadPoolExecutor.runWorker(ThreadPoolExecutor.java:1149)
	at java.util.concurrent.ThreadPoolExecutor$Worker.run(ThreadPoolExecutor.java:624)
	at java.lang.Thread.run(Thread.java:748)
]]>
            </full-stacktrace>
          </exception> <!-- java.lang.Exception -->
          <reporter-output>
          </reporter-output>
        </test-method> <!-- infosAPI_WrongCountryCode_ResponseCode418 -->
      </class> <!-- com.pm.api.info -->
    </test> <!-- info -->
    <test name="filter" duration-ms="9137" started-at="2018-09-28T11:10:19Z" finished-at="2018-09-28T11:10:28Z">
      <class name="com.pm.api.filter">
        <test-method status="PASS" signature="urlSetUp()[pri:0, instance:com.pm.api.filter@64d2d351]" name="urlSetUp" is-config="true" duration-ms="1" started-at="2018-09-28T16:40:19Z" finished-at="2018-09-28T16:40:19Z">
          <reporter-output>
          </reporter-output>
        </test-method> <!-- urlSetUp -->
        <test-method status="PASS" signature="filterAPI_ResponseChecking()[pri:1, instance:com.pm.api.filter@64d2d351]" name="filterAPI_ResponseChecking" duration-ms="7516" started-at="2018-09-28T16:40:19Z" finished-at="2018-09-28T16:40:26Z">
          <reporter-output>
          </reporter-output>
        </test-method> <!-- filterAPI_ResponseChecking -->
        <test-method status="PASS" signature="filterAPI_WrongToken_ResponseCode401()[pri:2, instance:com.pm.api.filter@64d2d351]" name="filterAPI_WrongToken_ResponseCode401" duration-ms="817" started-at="2018-09-28T16:40:26Z" finished-at="2018-09-28T16:40:27Z">
          <reporter-output>
          </reporter-output>
        </test-method> <!-- filterAPI_WrongToken_ResponseCode401 -->
        <test-method status="FAIL" signature="filterAPI_WrongfilterCode_ResponseCode418()[pri:3, instance:com.pm.api.filter@64d2d351]" name="filterAPI_WrongfilterCode_ResponseCode418" duration-ms="781" started-at="2018-09-28T16:40:27Z" finished-at="2018-09-28T16:40:28Z">
          <exception class="java.lang.Exception">
            <message>
              <![CDATA[Expected status code 418 but found 401]]>
            </message>
            <full-stacktrace>
              <![CDATA[java.lang.Exception: Expected status code 418 but found 401
	at com.pm.api.filter.filterAPI_WrongfilterCode_ResponseCode418(filter.java:51)
	at sun.reflect.NativeMethodAccessorImpl.invoke0(Native Method)
	at sun.reflect.NativeMethodAccessorImpl.invoke(NativeMethodAccessorImpl.java:62)
	at sun.reflect.DelegatingMethodAccessorImpl.invoke(DelegatingMethodAccessorImpl.java:43)
	at java.lang.reflect.Method.invoke(Method.java:498)
	at org.testng.internal.MethodInvocationHelper.invokeMethod(MethodInvocationHelper.java:104)
	at org.testng.internal.Invoker.invokeMethod(Invoker.java:645)
	at org.testng.internal.Invoker.invokeTestMethod(Invoker.java:851)
	at org.testng.internal.Invoker.invokeTestMethods(Invoker.java:1177)
	at org.testng.internal.TestMethodWorker.invokeTestMethods(TestMethodWorker.java:129)
	at org.testng.internal.TestMethodWorker.run(TestMethodWorker.java:112)
	at org.testng.TestRunner.privateRun(TestRunner.java:756)
	at org.testng.TestRunner.run(TestRunner.java:610)
	at org.testng.SuiteRunner.runTest(SuiteRunner.java:387)
	at org.testng.SuiteRunner.access$000(SuiteRunner.java:39)
	at org.testng.SuiteRunner$SuiteWorker.run(SuiteRunner.java:421)
	at org.testng.internal.thread.ThreadUtil$2.call(ThreadUtil.java:64)
	at java.util.concurrent.FutureTask.run(FutureTask.java:266)
	at java.util.concurrent.ThreadPoolExecutor.runWorker(ThreadPoolExecutor.java:1149)
	at java.util.concurrent.ThreadPoolExecutor$Worker.run(ThreadPoolExecutor.java:624)
	at java.lang.Thread.run(Thread.java:748)
]]>
            </full-stacktrace>
          </exception> <!-- java.lang.Exception -->
          <reporter-output>
          </reporter-output>
        </test-method> <!-- filterAPI_WrongfilterCode_ResponseCode418 -->
      </class> <!-- com.pm.api.filter -->
    </test> <!-- filter -->
    <test name="template" duration-ms="9274" started-at="2018-09-28T11:10:19Z" finished-at="2018-09-28T11:10:28Z">
      <class name="com.pm.api.template">
        <test-method status="PASS" signature="TriggerDependencies()[pri:0, instance:com.pm.api.template@8b96fde]" name="TriggerDependencies" is-config="true" duration-ms="55" started-at="2018-09-28T16:40:19Z" finished-at="2018-09-28T16:40:19Z">
          <reporter-output>
          </reporter-output>
        </test-method> <!-- TriggerDependencies -->
        <test-method status="PASS" signature="urlSetUp()[pri:0, instance:com.pm.api.template@8b96fde]" name="urlSetUp" is-config="true" duration-ms="1" started-at="2018-09-28T16:40:19Z" finished-at="2018-09-28T16:40:19Z">
          <reporter-output>
          </reporter-output>
        </test-method> <!-- urlSetUp -->
        <test-method status="PASS" signature="templateAPI_ResponseChecking()[pri:1, instance:com.pm.api.template@8b96fde]" name="templateAPI_ResponseChecking" duration-ms="7630" started-at="2018-09-28T16:40:19Z" finished-at="2018-09-28T16:40:26Z">
          <reporter-output>
          </reporter-output>
        </test-method> <!-- templateAPI_ResponseChecking -->
        <test-method status="PASS" signature="templateAPI_WrongToken_ResponseCode401()[pri:2, instance:com.pm.api.template@8b96fde]" name="templateAPI_WrongToken_ResponseCode401" duration-ms="806" started-at="2018-09-28T16:40:26Z" finished-at="2018-09-28T16:40:27Z">
          <reporter-output>
          </reporter-output>
        </test-method> <!-- templateAPI_WrongToken_ResponseCode401 -->
        <test-method status="FAIL" signature="templateAPI_WrongfilterCode_ResponseCode418()[pri:3, instance:com.pm.api.template@8b96fde]" name="templateAPI_WrongfilterCode_ResponseCode418" duration-ms="809" started-at="2018-09-28T16:40:27Z" finished-at="2018-09-28T16:40:28Z">
          <exception class="java.lang.Exception">
            <message>
              <![CDATA[Expected status code 418 but found 401]]>
            </message>
            <full-stacktrace>
              <![CDATA[java.lang.Exception: Expected status code 418 but found 401
	at com.pm.api.template.templateAPI_WrongfilterCode_ResponseCode418(template.java:51)
	at sun.reflect.NativeMethodAccessorImpl.invoke0(Native Method)
	at sun.reflect.NativeMethodAccessorImpl.invoke(NativeMethodAccessorImpl.java:62)
	at sun.reflect.DelegatingMethodAccessorImpl.invoke(DelegatingMethodAccessorImpl.java:43)
	at java.lang.reflect.Method.invoke(Method.java:498)
	at org.testng.internal.MethodInvocationHelper.invokeMethod(MethodInvocationHelper.java:104)
	at org.testng.internal.Invoker.invokeMethod(Invoker.java:645)
	at org.testng.internal.Invoker.invokeTestMethod(Invoker.java:851)
	at org.testng.internal.Invoker.invokeTestMethods(Invoker.java:1177)
	at org.testng.internal.TestMethodWorker.invokeTestMethods(TestMethodWorker.java:129)
	at org.testng.internal.TestMethodWorker.run(TestMethodWorker.java:112)
	at org.testng.TestRunner.privateRun(TestRunner.java:756)
	at org.testng.TestRunner.run(TestRunner.java:610)
	at org.testng.SuiteRunner.runTest(SuiteRunner.java:387)
	at org.testng.SuiteRunner.access$000(SuiteRunner.java:39)
	at org.testng.SuiteRunner$SuiteWorker.run(SuiteRunner.java:421)
	at org.testng.internal.thread.ThreadUtil$2.call(ThreadUtil.java:64)
	at java.util.concurrent.FutureTask.run(FutureTask.java:266)
	at java.util.concurrent.ThreadPoolExecutor.runWorker(ThreadPoolExecutor.java:1149)
	at java.util.concurrent.ThreadPoolExecutor$Worker.run(ThreadPoolExecutor.java:624)
	at java.lang.Thread.run(Thread.java:748)
]]>
            </full-stacktrace>
          </exception> <!-- java.lang.Exception -->
          <reporter-output>
          </reporter-output>
        </test-method> <!-- templateAPI_WrongfilterCode_ResponseCode418 -->
        <test-method status="PASS" signature="ShuttingDownAllDependencies()[pri:0, instance:com.pm.api.template@8b96fde]" name="ShuttingDownAllDependencies" is-config="true" duration-ms="0" started-at="2018-09-28T16:40:31Z" finished-at="2018-09-28T16:40:31Z">
          <reporter-output>
          </reporter-output>
        </test-method> <!-- ShuttingDownAllDependencies -->
      </class> <!-- com.pm.api.template -->
    </test> <!-- template -->
    <test name="logout" duration-ms="9653" started-at="2018-09-28T11:10:19Z" finished-at="2018-09-28T11:10:28Z">
      <class name="com.pm.api.logout">
        <test-method status="PASS" signature="urlSetUp()[pri:0, instance:com.pm.api.logout@1a38c59b]" name="urlSetUp" is-config="true" duration-ms="4" started-at="2018-09-28T16:40:19Z" finished-at="2018-09-28T16:40:19Z">
          <reporter-output>
          </reporter-output>
        </test-method> <!-- urlSetUp -->
        <test-method status="PASS" signature="logoutAPI_ResponseChecking()[pri:1, instance:com.pm.api.logout@1a38c59b]" name="logoutAPI_ResponseChecking" duration-ms="7518" started-at="2018-09-28T16:40:19Z" finished-at="2018-09-28T16:40:26Z">
          <reporter-output>
          </reporter-output>
        </test-method> <!-- logoutAPI_ResponseChecking -->
        <test-method status="PASS" signature="logoutAPI_WrongToken_ResponseCode401()[pri:2, instance:com.pm.api.logout@1a38c59b]" name="logoutAPI_WrongToken_ResponseCode401" duration-ms="2114" started-at="2018-09-28T16:40:26Z" finished-at="2018-09-28T16:40:28Z">
          <reporter-output>
          </reporter-output>
        </test-method> <!-- logoutAPI_WrongToken_ResponseCode401 -->
      </class> <!-- com.pm.api.logout -->
    </test> <!-- logout -->
    <test name="emailcard" duration-ms="12178" started-at="2018-09-28T11:10:19Z" finished-at="2018-09-28T11:10:31Z">
      <class name="com.pm.api.emailcard">
        <test-method status="PASS" signature="urlSetUp()[pri:0, instance:com.pm.api.emailcard@709ba3fb]" name="urlSetUp" is-config="true" duration-ms="3176" started-at="2018-09-28T16:40:19Z" finished-at="2018-09-28T16:40:22Z">
          <reporter-output>
          </reporter-output>
        </test-method> <!-- urlSetUp -->
        <test-method status="PASS" signature="emailCardAPI_ResponseChecking(java.lang.String)[pri:1, instance:com.pm.api.emailcard@709ba3fb]" name="emailCardAPI_ResponseChecking" duration-ms="5870" started-at="2018-09-28T16:40:22Z" data-provider="language" finished-at="2018-09-28T16:40:28Z">
          <params>
            <param index="0">
              <value>
                <![CDATA[EN]]>
              </value>
            </param>
          </params>
          <reporter-output>
          </reporter-output>
        </test-method> <!-- emailCardAPI_ResponseChecking -->
        <test-method status="PASS" signature="emailCardAPI_ResponseChecking(java.lang.String)[pri:1, instance:com.pm.api.emailcard@709ba3fb]" name="emailCardAPI_ResponseChecking" duration-ms="2090" started-at="2018-09-28T16:40:22Z" data-provider="language" finished-at="2018-09-28T16:40:24Z">
          <params>
            <param index="0">
              <value>
                <![CDATA[ES]]>
              </value>
            </param>
          </params>
          <reporter-output>
          </reporter-output>
        </test-method> <!-- emailCardAPI_ResponseChecking -->
        <test-method status="PASS" signature="emailCardAPI_ResponseChecking(java.lang.String)[pri:1, instance:com.pm.api.emailcard@709ba3fb]" name="emailCardAPI_ResponseChecking" duration-ms="2434" started-at="2018-09-28T16:40:22Z" data-provider="language" finished-at="2018-09-28T16:40:24Z">
          <params>
            <param index="0">
              <value>
                <![CDATA[FR]]>
              </value>
            </param>
          </params>
          <reporter-output>
          </reporter-output>
        </test-method> <!-- emailCardAPI_ResponseChecking -->
        <test-method status="PASS" signature="emailCardAPI_ResponseChecking(java.lang.String)[pri:1, instance:com.pm.api.emailcard@709ba3fb]" name="emailCardAPI_ResponseChecking" duration-ms="4234" started-at="2018-09-28T16:40:22Z" data-provider="language" finished-at="2018-09-28T16:40:26Z">
          <params>
            <param index="0">
              <value>
                <![CDATA[DE]]>
              </value>
            </param>
          </params>
          <reporter-output>
          </reporter-output>
        </test-method> <!-- emailCardAPI_ResponseChecking -->
        <test-method status="PASS" signature="emailCardAPI_ResponseChecking(java.lang.String)[pri:1, instance:com.pm.api.emailcard@709ba3fb]" name="emailCardAPI_ResponseChecking" duration-ms="4580" started-at="2018-09-28T16:40:22Z" data-provider="language" finished-at="2018-09-28T16:40:26Z">
          <params>
            <param index="0">
              <value>
                <![CDATA[JA]]>
              </value>
            </param>
          </params>
          <reporter-output>
          </reporter-output>
        </test-method> <!-- emailCardAPI_ResponseChecking -->
        <test-method status="PASS" signature="emailCardAPI_ResponseChecking(java.lang.String)[pri:1, instance:com.pm.api.emailcard@709ba3fb]" name="emailCardAPI_ResponseChecking" duration-ms="2754" started-at="2018-09-28T16:40:22Z" data-provider="language" finished-at="2018-09-28T16:40:25Z">
          <params>
            <param index="0">
              <value>
                <![CDATA[IT]]>
              </value>
            </param>
          </params>
          <reporter-output>
          </reporter-output>
        </test-method> <!-- emailCardAPI_ResponseChecking -->
        <test-method status="PASS" signature="emailCardAPI_ResponseChecking(java.lang.String)[pri:1, instance:com.pm.api.emailcard@709ba3fb]" name="emailCardAPI_ResponseChecking" duration-ms="5493" started-at="2018-09-28T16:40:22Z" data-provider="language" finished-at="2018-09-28T16:40:27Z">
          <params>
            <param index="0">
              <value>
                <![CDATA[PT]]>
              </value>
            </param>
          </params>
          <reporter-output>
          </reporter-output>
        </test-method> <!-- emailCardAPI_ResponseChecking -->
        <test-method status="PASS" signature="emailCardAPI_ResponseChecking(java.lang.String)[pri:1, instance:com.pm.api.emailcard@709ba3fb]" name="emailCardAPI_ResponseChecking" duration-ms="3191" started-at="2018-09-28T16:40:22Z" data-provider="language" finished-at="2018-09-28T16:40:25Z">
          <params>
            <param index="0">
              <value>
                <![CDATA[RU]]>
              </value>
            </param>
          </params>
          <reporter-output>
          </reporter-output>
        </test-method> <!-- emailCardAPI_ResponseChecking -->
        <test-method status="PASS" signature="emailCardAPI_ResponseChecking(java.lang.String)[pri:1, instance:com.pm.api.emailcard@709ba3fb]" name="emailCardAPI_ResponseChecking" duration-ms="3893" started-at="2018-09-28T16:40:22Z" data-provider="language" finished-at="2018-09-28T16:40:26Z">
          <params>
            <param index="0">
              <value>
                <![CDATA[ZH]]>
              </value>
            </param>
          </params>
          <reporter-output>
          </reporter-output>
        </test-method> <!-- emailCardAPI_ResponseChecking -->
        <test-method status="PASS" signature="emailCardAPI_WrongToken_ResponseCode401(java.lang.String)[pri:2, instance:com.pm.api.emailcard@709ba3fb]" name="emailCardAPI_WrongToken_ResponseCode401" duration-ms="848" started-at="2018-09-28T16:40:28Z" data-provider="language" finished-at="2018-09-28T16:40:29Z">
          <params>
            <param index="0">
              <value>
                <![CDATA[EN]]>
              </value>
            </param>
          </params>
          <reporter-output>
          </reporter-output>
        </test-method> <!-- emailCardAPI_WrongToken_ResponseCode401 -->
        <test-method status="PASS" signature="emailCardAPI_WrongToken_ResponseCode401(java.lang.String)[pri:2, instance:com.pm.api.emailcard@709ba3fb]" name="emailCardAPI_WrongToken_ResponseCode401" duration-ms="836" started-at="2018-09-28T16:40:28Z" data-provider="language" finished-at="2018-09-28T16:40:29Z">
          <params>
            <param index="0">
              <value>
                <![CDATA[IT]]>
              </value>
            </param>
          </params>
          <reporter-output>
          </reporter-output>
        </test-method> <!-- emailCardAPI_WrongToken_ResponseCode401 -->
        <test-method status="PASS" signature="emailCardAPI_WrongToken_ResponseCode401(java.lang.String)[pri:2, instance:com.pm.api.emailcard@709ba3fb]" name="emailCardAPI_WrongToken_ResponseCode401" duration-ms="870" started-at="2018-09-28T16:40:28Z" data-provider="language" finished-at="2018-09-28T16:40:29Z">
          <params>
            <param index="0">
              <value>
                <![CDATA[ES]]>
              </value>
            </param>
          </params>
          <reporter-output>
          </reporter-output>
        </test-method> <!-- emailCardAPI_WrongToken_ResponseCode401 -->
        <test-method status="PASS" signature="emailCardAPI_WrongToken_ResponseCode401(java.lang.String)[pri:2, instance:com.pm.api.emailcard@709ba3fb]" name="emailCardAPI_WrongToken_ResponseCode401" duration-ms="880" started-at="2018-09-28T16:40:28Z" data-provider="language" finished-at="2018-09-28T16:40:29Z">
          <params>
            <param index="0">
              <value>
                <![CDATA[FR]]>
              </value>
            </param>
          </params>
          <reporter-output>
          </reporter-output>
        </test-method> <!-- emailCardAPI_WrongToken_ResponseCode401 -->
        <test-method status="PASS" signature="emailCardAPI_WrongToken_ResponseCode401(java.lang.String)[pri:2, instance:com.pm.api.emailcard@709ba3fb]" name="emailCardAPI_WrongToken_ResponseCode401" duration-ms="876" started-at="2018-09-28T16:40:28Z" data-provider="language" finished-at="2018-09-28T16:40:29Z">
          <params>
            <param index="0">
              <value>
                <![CDATA[DE]]>
              </value>
            </param>
          </params>
          <reporter-output>
          </reporter-output>
        </test-method> <!-- emailCardAPI_WrongToken_ResponseCode401 -->
        <test-method status="PASS" signature="emailCardAPI_WrongToken_ResponseCode401(java.lang.String)[pri:2, instance:com.pm.api.emailcard@709ba3fb]" name="emailCardAPI_WrongToken_ResponseCode401" duration-ms="864" started-at="2018-09-28T16:40:28Z" data-provider="language" finished-at="2018-09-28T16:40:29Z">
          <params>
            <param index="0">
              <value>
                <![CDATA[JA]]>
              </value>
            </param>
          </params>
          <reporter-output>
          </reporter-output>
        </test-method> <!-- emailCardAPI_WrongToken_ResponseCode401 -->
        <test-method status="PASS" signature="emailCardAPI_WrongToken_ResponseCode401(java.lang.String)[pri:2, instance:com.pm.api.emailcard@709ba3fb]" name="emailCardAPI_WrongToken_ResponseCode401" duration-ms="819" started-at="2018-09-28T16:40:28Z" data-provider="language" finished-at="2018-09-28T16:40:29Z">
          <params>
            <param index="0">
              <value>
                <![CDATA[ZH]]>
              </value>
            </param>
          </params>
          <reporter-output>
          </reporter-output>
        </test-method> <!-- emailCardAPI_WrongToken_ResponseCode401 -->
        <test-method status="PASS" signature="emailCardAPI_WrongToken_ResponseCode401(java.lang.String)[pri:2, instance:com.pm.api.emailcard@709ba3fb]" name="emailCardAPI_WrongToken_ResponseCode401" duration-ms="794" started-at="2018-09-28T16:40:28Z" data-provider="language" finished-at="2018-09-28T16:40:29Z">
          <params>
            <param index="0">
              <value>
                <![CDATA[RU]]>
              </value>
            </param>
          </params>
          <reporter-output>
          </reporter-output>
        </test-method> <!-- emailCardAPI_WrongToken_ResponseCode401 -->
        <test-method status="PASS" signature="emailCardAPI_WrongToken_ResponseCode401(java.lang.String)[pri:2, instance:com.pm.api.emailcard@709ba3fb]" name="emailCardAPI_WrongToken_ResponseCode401" duration-ms="824" started-at="2018-09-28T16:40:28Z" data-provider="language" finished-at="2018-09-28T16:40:29Z">
          <params>
            <param index="0">
              <value>
                <![CDATA[PT]]>
              </value>
            </param>
          </params>
          <reporter-output>
          </reporter-output>
        </test-method> <!-- emailCardAPI_WrongToken_ResponseCode401 -->
        <test-method status="PASS" signature="emailCardAPI_WrongLanguageCode_ResponseCode200()[pri:3, instance:com.pm.api.emailcard@709ba3fb]" name="emailCardAPI_WrongLanguageCode_ResponseCode200" duration-ms="2179" started-at="2018-09-28T16:40:29Z" finished-at="2018-09-28T16:40:31Z">
          <reporter-output>
          </reporter-output>
        </test-method> <!-- emailCardAPI_WrongLanguageCode_ResponseCode200 -->
      </class> <!-- com.pm.api.emailcard -->
    </test> <!-- emailcard -->
  </suite> <!-- postmiiAPIComplete -->
</testng-results>
